<?xml version="1.0" encoding="UTF-8"?>
<testsuite name="com.brothergeol.di.MyDiContainerTest" tests="1" skipped="0" failures="0" errors="0" timestamp="2024-07-15T11:17:18" hostname="ihyeong-geols-MacBook-Pro.local" time="0.007">
  <properties/>
  <testcase name="getObject_sampleService()" classname="com.brothergeol.di.MyDiContainerTest" time="0.007"/>
  <system-out><![CDATA[]]></system-out>
  <system-err><![CDATA[]]></system-err>
</testsuite>
